[22:53:50] Mode: subcategories 3140
[22:53:50] 
Subcategories: 1, est. companies: 0
[22:53:50] 
== [1/1] Subcategory 3140 (parent: Direct) ==
[22:53:50]     Scraping: "Subcategory 3140" (Industry/3140, ~0 companies)
[22:53:54]     URL: https://www.bia.ge/Company/Industry/3140
[22:53:54]     Title: საქმიანობის კატეგორიები - BIA
[22:53:54]     Pages: 102
[22:53:54]     Page 1/102: 10 companies
[22:54:02]     CAPTCHA detected — please solve it in the browser window...
[22:58:48]     CAPTCHA solved! Resuming...
[22:58:48]       Extract error: page.evaluate: Target page, context or browser has been closed
[22:58:48]       [1/10] Bau-Tech Georgia — extraction failed
[22:58:48]       [1/10] Bau-Tech Georgia — error: page.goBack: Target page, context or browser has been closed
[22:58:55]       [2/10] FULL HOUSE — error: page.$: Target page, context or browser has been closed
[22:58:59]       [3/10] LEA Development — error: page.$: Target page, context or browser has been closed
[22:59:05]       [4/10] ა.ნ.კ. — error: page.$: Target page, context or browser has been closed
[22:59:10]       [5/10] აგი — error: page.$: Target page, context or browser has been closed
[22:59:13]       [6/10] აისი 2011 — error: page.$: Target page, context or browser has been closed
[22:59:18]       [7/10] ამბ ჯგუფი — error: page.$: Target page, context or browser has been closed
[22:59:24]       [8/10] არ ჯი გრუპ — error: page.$: Target page, context or browser has been closed
[22:59:30]       [9/10] არაგვი 2012 — error: page.$: Target page, context or browser has been closed
[22:59:36]       [10/10] არჩევანი — error: page.$: Target page, context or browser has been closed
[22:59:46]     Page 1 done. Total so far: 0 scraped, 11 failed
[22:59:46]     Page 2: navigation error — page.evaluate: Target page, context or browser has been closed
[22:59:46]     Subcategory "Subcategory 3140" complete: 0 companies, 11 failed
[22:59:46]     Saved: sub_3140_Subcategory_3140.json (0 companies)
[22:59:50] 
No companies scraped.
[23:00:19] Mode: subcategories 3279
[23:00:19] 
Subcategories: 1, est. companies: 0
[23:00:19] 
== [1/1] Subcategory 3279 (parent: Direct) ==
[23:00:19]     Scraping: "Subcategory 3279" (Industry/3279, ~0 companies)
[23:00:23]     URL: https://www.bia.ge/Company/Industry/3279
[23:00:23]     Title: საქმიანობის კატეგორიები - BIA
[23:00:23]     Pages: 9
[23:00:23]     Page 1/9: 10 companies
[23:00:27]       [1/10] ამერიტექი ✓
[23:00:34]       [2/10] ბარათელი ✓
[23:00:40]       [3/10] ბეიბი ფუდი ✓
[23:00:47]       [4/10] გურჯი 2 ✓
[23:00:54]       [5/10] კალდერა ✓
[23:01:02]       [6/10] მალხაზ კირვალიძე ✓
[23:01:08]       [7/10] ნორექსი ✓
[23:01:15]       [8/10] პაპ ჯგუფი ✓
[23:01:22]       [9/10] პროფი ✓
[23:01:28]       [10/10] სანი ✓
[23:01:35]     Page 1 done. Total so far: 10 scraped, 0 failed
[23:01:35]     Page 2/9: 10 companies
[23:01:41]     Page 2 done. Total so far: 10 scraped, 0 failed
[23:01:41]     Page 3/9: 10 companies
[23:01:46]     Page 3 done. Total so far: 10 scraped, 0 failed
[23:01:46]     Page 4/9: 10 companies
[23:01:50]     Page 4 done. Total so far: 10 scraped, 0 failed
[23:01:50]     Page 5/9: 10 companies
[23:01:54]     Page 5 done. Total so far: 10 scraped, 0 failed
[23:01:54]     Page 6/9: 10 companies
[23:01:58]     Page 6 done. Total so far: 10 scraped, 0 failed
[23:01:58]     Page 7/9: 10 companies
[23:02:02]       [1/10] ტექ ვიშ ✓
[23:02:09]       [2/10] ტექ ვიშ ✓
[23:02:16]       [3/10] ცემ + ✓
[23:02:25]       [4/10] ჯ და ჯ საბითუმო ბაზა ✓
[23:02:30]       [5/10] ჯეოდიზაინი + ✓
[23:02:39]       [6/10] Mhouse ✓
[23:02:43]       [7/10] UCS Georgia ✓
[23:02:50]       [8/10] ამრაჰ მამედოვი ✓
[23:02:55]       [9/10] არმენ გევორქიანი ✓
[23:03:01]       [10/10] ახალი ტექნოლოგიები ✓
[23:03:10]     Page 7 done. Total so far: 20 scraped, 0 failed
[23:03:10]     Page 8/9: 10 companies
[23:03:15]     Page 8 done. Total so far: 20 scraped, 0 failed
[23:03:15]     Page 9/9: 10 companies
[23:03:15]     Page 9 done. Total so far: 20 scraped, 0 failed
[23:03:15]     Subcategory "Subcategory 3279" complete: 20 companies, 0 failed
[23:03:15]     Saved: sub_3279_Subcategory_3279.json (20 companies)
[17:45:22] Mode: subcategories 3279
[17:45:22] 
Subcategories: 1, est. companies: 0
[17:45:22] 
== [1/1] Subcategory 3279 (parent: Direct) ==
[17:45:22]     Scraping: "Subcategory 3279" (Industry/3279, ~0 companies)
[17:45:26]     URL: https://www.bia.ge/Company/Industry/3279
[17:45:26]     Title: საქმიანობის კატეგორიები - BIA
[17:45:30]     Pages: 1 (limit 200)
[17:45:30]     Page 1/1: 85 companies
[17:45:33]       [1/85] ამერიტექი ✓
[17:45:38]       [2/85] ბარათელი ✓
[17:45:42]       [3/85] ბეიბი ფუდი ✓
[17:45:48]       [4/85] გურჯი 2 ✓
[17:45:54]       [5/85] კალდერა ✓
[17:46:00]       [6/85] მალხაზ კირვალიძე ✓
[17:46:10]       [7/85] ნორექსი ✓
[17:46:17]       [8/85] პაპ ჯგუფი ✓
[17:46:23]       [9/85] პროფი ✓
[17:46:31]       [10/85] სანი ✓
[17:46:37]       [11/85] ტექ ვიშ ✓
[17:46:43]       [12/85] ტექ ვიშ ✓
[17:46:48]       [13/85] ცემ + ✓
[17:46:55]       [14/85] ჯ და ჯ საბითუმო ბაზა ✓
[17:47:02]       [15/85] ჯეოდიზაინი + ✓
[17:47:07]       [16/85] Mhouse ✓
[17:47:15]       [17/85] UCS Georgia ✓
[17:47:20]       [18/85] ამრაჰ მამედოვი ✓
[17:47:25]       [19/85] არმენ გევორქიანი ✓
[17:47:33]       [20/85] ახალი ტექნოლოგიები ✓
[17:47:38]       [21/85] ბ.კ.კ. კომპანი ✓
[17:47:46]       [22/85] გიგლს ✓
[17:47:52]       [23/85] თელგი ✓
[17:47:58]       [24/85] მეგფუდი ✓
[17:48:05]       [25/85] პრემიერ მოტორსი ✓
[17:48:11]       [26/85] რენა 2008 ✓
[17:48:20]       [27/85] საქართველოს მომავალი ✓
[17:48:27]       [28/85] ტექნო სახლი ✓
[17:48:34]       [29/85] უნიკა ✓
[17:48:43]       [30/85] NEOTEK ✓
[17:48:50]       [31/85] ავტო სტარტი ✓
[17:48:57]       [32/85] გაბ ✓
[17:49:05]       [33/85] გალერეა თელავი ✓
[17:49:12]       [34/85] ლუდის სამყარო გლდანში ✓
[17:49:20]       [35/85] ქორაშ ✓
[17:49:28]       [36/85] ეიენსი ჯგუფი ✓
[17:49:35]       [37/85] ზუკო ✓
[17:49:44]       [38/85] მასტერ თრეიდი ✓
[17:50:04]       [39/85] ა.ვ.ა ინტერნეიშენალი ✓
[17:50:13]       [40/85] ბმბ ✓
[17:50:20]       [41/85] ენერჯი ✓
[17:50:29]       [42/85] ვეტები ✓
[17:50:38]       [43/85] თი ✓
[17:50:46]       [44/85] მოკა ✓
[17:50:53]       [45/85] ნოვკომ ✓
[17:51:01]       [46/85] ფუდ ტრეიდი ✓
[17:51:08]       [47/85] ქლინეთიკა ✓
[17:51:16]       [48/85] ჯეოფერტ ვესთ ✓
[17:51:26]       [49/85] ჯი ეს ჯგუფი ✓
[17:51:33]       [50/85] ბურსა ✓
[17:51:41]       [51/85] მოკა ✓
[17:51:50]       [52/85] ტოიოტა კავკასია ✓
[17:51:57]       [53/85] კაპიტალ + ✓
[17:52:04]       [54/85] ელიტ ტექნიკა ✓
[17:52:10]       [55/85] ელ თი ✓
[17:52:18]       [56/85] ეარსისტემს ✓
[17:52:25]       [57/85] devochki ✓
[17:52:31]       [58/85] არება ✓
[17:52:40]       [59/85] ბაბუ გრუპ ✓
[17:52:47]       [60/85] ბაუთულს ✓
[17:52:59]       [61/85] ბბგ ✓
[17:53:06]       [62/85] გლობალ ტექნიქსი ✓
[17:53:15]       [63/85] დ.ი.დ. ჯგუფი ✓
[17:53:23]       [64/85] ელმიქს ✓
[17:53:29]       [65/85] ელსანი ✓
[17:53:37]       [66/85] თამთა–87 ✓
[17:53:44]       [67/85] თევდორე ზანდარაშვილი ✓
[17:53:51]       [68/85] ლუკა 2015 ✓
[17:53:58]       [69/85] BIA ✓
[17:54:07]       [70/85] ნიუ სტაილ ✓
[17:54:22]       [71/85] პარტნერს ✓
[17:54:35]       [72/85] საქ. ტექ. გრუპი ✓
[17:54:42]       [73/85] სმაილი 2016 ✓
[17:54:49]       [74/85] ტექნოლიდერ ✓
[17:54:57]       [75/85] ილია გოგიძე ✓
[17:55:05]       [76/85] ყვითელი ✓
[17:55:12]       [77/85] ჯეოტექნო ✓
[17:55:22]       [78/85] სოლო–2012 ✓
[17:55:29]       [79/85] ჯი ჯგუფი ✓
[17:55:37]       [80/85] იკა 2010 ✓
[17:55:43]       [81/85] აჭარა პარტნიორი ✓
[17:55:44]       [81/85] აჭარა პარტნიორი — error: page.goBack: Target page, context or browser has been closed
Call log:
[2m  - waiting for navigation until "domcontentloaded"[22m
[2m    - navigated to "https://www.bia.ge/Company/Industry/3279"[22m

[17:55:44]       [82/85] ელექტროლუქსი — error: page.$: Target page, context or browser has been closed
[17:55:44]       [83/85] ირვა — error: page.$: Target page, context or browser has been closed
[17:55:44]       [84/85] ლ & მ — error: page.$: Target page, context or browser has been closed
[17:55:44]       [85/85] წერო — error: page.$: Target page, context or browser has been closed
[17:55:44]     Page 1 done. Total so far: 81 scraped, 5 failed
[17:55:44]     Subcategory "Subcategory 3279" complete: 81 companies, 5 failed
[17:55:44]     Saved: sub_3279_Subcategory_3279.json (81 companies)
[18:11:13] Mode: subcategories 3279
[18:11:13] 
Subcategories: 1, est. companies: 0
[18:11:13] 
== [1/1] Subcategory 3279 (parent: Direct) ==
[18:11:13]     Scraping: "Subcategory 3279" (Industry/3279, ~0 companies)
[18:11:17]     URL: https://www.bia.ge/Company/Industry/3279
[18:11:17]     Title: საქმიანობის კატეგორიები - BIA
[18:11:21]     Pages: 1 (limit 200)
[18:11:21]     Page 1/1: 85 companies
[18:11:24]       [1/85] ამერიტექი ✓
[18:11:32]       [2/85] ბარათელი ✓
[18:11:39]       [3/85] ბეიბი ფუდი ✓
[18:11:45]       [4/85] გურჯი 2 ✓
[18:11:52]       [5/85] კალდერა ✓
[18:11:59]       [6/85] მალხაზ კირვალიძე ✓
[18:12:06]       [7/85] ნორექსი ✓
[18:12:11]       [8/85] პაპ ჯგუფი ✓
[18:12:16]       [9/85] პროფი ✓
[18:12:23]       [10/85] სანი ✓
[18:12:30]       [11/85] ტექ ვიშ ✓
[18:12:37]       [12/85] ტექ ვიშ ✓
[18:12:44]       [13/85] ცემ + ✓
[18:12:50]       [14/85] ჯ და ჯ საბითუმო ბაზა ✓
[18:13:00]       [15/85] ჯეოდიზაინი + ✓
[18:13:08]       [16/85] Mhouse ✓
[18:13:16]       [17/85] UCS Georgia ✓
[18:13:23]       [18/85] ამრაჰ მამედოვი ✓
[18:13:28]       [19/85] არმენ გევორქიანი ✓
[18:13:35]       [20/85] ახალი ტექნოლოგიები ✓
[18:13:41]       [21/85] ბ.კ.კ. კომპანი ✓
[18:13:47]       [22/85] გიგლს ✓
[18:13:55]       [23/85] თელგი ✓
[18:14:02]       [24/85] მეგფუდი ✓
[18:14:09]       [25/85] პრემიერ მოტორსი ✓
[18:14:16]       [26/85] რენა 2008 ✓
[18:14:23]       [27/85] საქართველოს მომავალი ✓
[18:14:28]       [28/85] ტექნო სახლი ✓
[18:14:33]       [29/85] უნიკა ✓
[18:14:38]       [30/85] NEOTEK ✓
[18:14:44]       [31/85] ავტო სტარტი ✓
[18:14:50]       [32/85] გაბ ✓
[18:14:57]       [33/85] გალერეა თელავი ✓
[18:15:02]       [34/85] ლუდის სამყარო გლდანში ○
[18:15:07]       [35/85] ქორაშ ✓
[18:15:13]       [36/85] ეიენსი ჯგუფი ✓
[18:15:19]       [37/85] ზუკო ○
[18:15:26]       [38/85] მასტერ თრეიდი ✓
[18:15:33]       [39/85] ა.ვ.ა ინტერნეიშენალი ○
[18:15:40]       [40/85] ბმბ ○
[18:15:46]       [41/85] ენერჯი ✓
[18:15:54]       [42/85] ვეტები ✓
[18:15:59]       [43/85] თი ✓
[18:16:05]       [44/85] მოკა ○
[18:16:11]       [45/85] ნოვკომ ✓
[18:16:16]       [46/85] ფუდ ტრეიდი ○
[18:16:21]       [47/85] ქლინეთიკა ○
[18:16:29]       [48/85] ჯეოფერტ ვესთ ○
[18:16:34]       [49/85] ჯი ეს ჯგუფი ○
[18:16:41]       [50/85] ბურსა ○
[18:16:48]       [51/85] მოკა ✓
[18:16:54]       [52/85] ტოიოტა კავკასია ✓
[18:16:59]       [53/85] კაპიტალ + ○
[18:17:06]       [54/85] ელიტ ტექნიკა ○
[18:17:15]       [55/85] ელ თი ✓
[18:17:22]       [56/85] ეარსისტემს ✓
[18:17:29]       [57/85] devochki ○
[18:17:37]       [58/85] არება ○
[18:17:45]       [59/85] ბაბუ გრუპ ○
[18:17:52]       [60/85] ბაუთულს ○
[18:17:58]       [61/85] ბბგ ○
[18:18:04]       [62/85] გლობალ ტექნიქსი ○
[18:18:11]       [63/85] დ.ი.დ. ჯგუფი ○
[18:18:16]       [64/85] ელმიქს ○
[18:18:22]       [65/85] ელსანი ○
[18:18:30]       [66/85] თამთა–87 ○
[18:18:36]       [67/85] თევდორე ზანდარაშვილი ○
[18:18:43]       [68/85] ლუკა 2015 ○
[18:18:50]       [69/85] BIA ○
[18:18:57]       [70/85] ნიუ სტაილ ○
[18:19:01]       [71/85] პარტნერს ○
[18:19:08]       [72/85] საქ. ტექ. გრუპი ○
[18:19:14]       [73/85] სმაილი 2016 ○
[18:19:20]       [74/85] ტექნოლიდერ ○
[18:19:25]       [75/85] ილია გოგიძე ○
[18:19:30]       [76/85] ყვითელი ○
[18:19:36]       [77/85] ჯეოტექნო ○
[18:19:43]       [78/85] სოლო–2012 ○
[18:19:50]       [79/85] ჯი ჯგუფი ○
[18:19:57]       [80/85] იკა 2010 ✓
[18:20:04]       [81/85] აჭარა პარტნიორი ✓
[18:20:12]       [82/85] ელექტროლუქსი ✓
[18:20:17]       [83/85] ირვა ✓
[18:20:22]       [84/85] ლ & მ ○
[18:20:29]       [85/85] წერო ✓
[18:20:31]     Page 1 done. Total so far: 85 scraped, 0 failed
[18:20:31]     Subcategory "Subcategory 3279" complete: 85 companies, 0 failed
[18:20:31]     Saved: sub_3279_Subcategory_3279.json (85 companies)
[18:20:38] 
Saved 85 companies to C:\Users\PC C\Documents\WEBdevelopment\Github\ClientScraper\bia.ge\output\biage_all_2026-03-23T18-11-13.json
[18:20:38] Saved CSV: C:\Users\PC C\Documents\WEBdevelopment\Github\ClientScraper\bia.ge\output\biage_all_2026-03-23T18-11-13.csv
